<?xml version="1.0" encoding="UTF-8"?>
<!-- Generated by org.testng.reporters.JUnitReportReporter -->
<testsuite hostname="DESKTOP-NIUH9AP" failures="0" tests="1" name="testngpracticeproject.testngbasic" time="0.014" errors="0" timestamp="2020-04-15T11:23:51 IST" skipped="0">
  <testcase classname="testngpracticeproject.testngbasic" name="testc1" time="0.014"/>
  <system-out/>
</testsuite> <!-- testngpracticeproject.testngbasic -->
