<?xml version="1.0" encoding="UTF-8"?>
<!-- Generated by org.testng.reporters.JUnitReportReporter -->
<testsuite hostname="DESKTOP-NIUH9AP" failures="0" tests="1" name="testngpracticeproject.testngbasic" time="14.900" errors="0" timestamp="2020-04-19T11:30:48 IST" skipped="0">
  <testcase classname="testngpracticeproject.testngbasic" name="testc1" time="14.900"/>
  <system-out/>
</testsuite> <!-- testngpracticeproject.testngbasic -->
